TN:verilator_coverage
SF:/home/stephan/Git/pyuvm/examples/aoi_2_2/hdl/verilog/aoi_2_2.v
DA:7,38
BRDA:7,0,0,15
BRDA:7,0,1,15
BRDA:7,0,2,18
BRDA:7,0,3,18
BRDA:7,0,4,24
BRDA:7,0,5,24
BRDA:7,0,6,38
BRDA:7,0,7,38
DA:8,20
BRDA:8,0,0,20
BRDA:8,0,1,19
BRDA:8,0,2,0
BRDA:8,0,3,0
BRDA:8,0,4,0
BRDA:8,0,5,0
BRDA:8,0,6,20
BRDA:8,0,7,19
BRDA:8,0,8,20
BRDA:8,0,9,19
BRDA:8,0,10,20
BRDA:8,0,11,19
BRDA:8,0,12,1
BRDA:8,0,13,0
DA:9,1
BRDA:9,0,0,0
BRDA:9,0,1,0
BRDA:9,0,2,1
BRDA:9,0,3,0
BRDA:9,0,4,1
BRDA:9,0,5,0
BRDA:9,0,6,1
BRDA:9,0,7,0
DA:13,38
BRDA:13,0,0,15
BRDA:13,0,1,15
BRDA:13,0,2,18
BRDA:13,0,3,18
BRDA:13,0,4,24
BRDA:13,0,5,24
BRDA:13,0,6,38
BRDA:13,0,7,38
DA:14,20
BRDA:14,0,0,20
BRDA:14,0,1,19
DA:32,114
BRDA:32,0,0,82
BRDA:32,0,1,114
BRF:42
BRH:28
end_of_record
